Traceback (most recent call last):
  File "./raxml.py", line 14, in <module>
    OG = sorted_OGs[job]
IndexError: list index out of range
Traceback (most recent call last):
  File "./raxml.py", line 14, in <module>
    OG = sorted_OGs[job]
IndexError: list index out of range
Traceback (most recent call last):
  File "./raxml.py", line 14, in <module>
    OG = sorted_OGs[job]
IndexError: list index out of range
Traceback (most recent call last):
  File "./raxml.py", line 14, in <module>
    OG = sorted_OGs[job]
IndexError: list index out of range
Traceback (most recent call last):
  File "./raxml.py", line 14, in <module>
    OG = sorted_OGs[job]
IndexError: list index out of range
Traceback (most recent call last):
  File "./raxml.py", line 14, in <module>
    OG = sorted_OGs[job]
IndexError: aceback (most recent call last):
list index out of rangene 14, in <module>

    OG = sorted_OGs[job]
IndexError: list index out of range
Traceback (most recent call last):
  File "./raxml.py", line 14, in <module>
    OG = sorted_OGs[job]
IndexError: list index out of range
Traceback (most recent call last):
  File "./raxml.py", line 14, in <module>
    OG = sorted_OGs[job]
IndexError: list index out of range
Traceback (most recent call last):
  File "./raxml.py", line 14, in <module>
        OG = sorted_OGs[job]
IndexError: list index out of range

Traceback (most recent call last):
  File "./raxml.py", line 14, in <module>
    OG = sorted_OGs[job]
IndexError: list index out of range
Traceback (most recent call last):
  File "./raxml.py", line 14, in <module>
    OG = sorted_OGs[job]
IndexError: list index out of range
Traceback (most recent call last):
  File "./raxml.py", line 14, in <module>
  File "./raxml.py", line 14, in <module>
    OG =OG = sorted_OGs[job]
IndexError: list index out of range

Traceback (most recent call last):
  File "./raxml.py", line 14, in <module>
    OG = sorted_OGs[job]
IndexError: list index out of range
Traceback (most recent call last):
  File "./raxml.py", line 14, in <module>
    OG = sorted_OGs[job]
IndexError: list index out of range
Traceback (most recent call last):
  File "./raxml.py", line 14, in <module>
    OG = sorted_OGs[job]
IndexError: list index out of range
Traceback (most recent call last):
  File "./raxml.py", line 14, in <module>
    OG = sorted_OGs[job]
IndexError: list index out of range
Traceback (most recent call last):
  File "./raxml.py", line 14, in <module>
    OG = sorted_OGs[job]
IndexError: list index out of range
Traceback (most recent call last):
  File "./raxml.py", line 14, in <module>
    OG = sorted_OGs[job]
IndexError: list index out of range
Traceback (most recent call last):
  File "./raxml.py", line 14, in <module>
    OG = sorted_OGs[job]
IndexErrorTraceback (most recent call last):
  File "./raxml.py", line 14, in <module>

    OG = sorted_OGs[job]
IndexError: list index out of range
Traceback (most recent call last):
  File "./raxml.py", line 14, in <module>
    OG = sorted_OGs[job]
IndexError: list index out of range
Traceback (most recent call last):
  File "./raxml.py", line 14, in <module>
    OG = sorted_OGs[job]
IndexError: list index out of range
Traceback (most recent call last):
  File "./raxml.py", line 14, in <module>
    OG = sorted_OGs[job]
IndexError: list index out of range
Traceback (most recent call last):
  File "./raxml.py", line 14, in <module>
    OG = sorted_OGs[job]
IndexError: list index out of range
Traceback (most recent call last):
  File "./raxml.py", line 14, in <module>
    OG = sorted_OGs[job]
IndexError: list index out of range
Traceback (most recent call last):
  File "./raxml.py", line 14, in <module>
    OG = sorted_OGs[job]
IndexError: list index out of range
Traceback (most recent call last):
Traceback (most recent call last):
odule>
  File "./raxml.py", line 14, in <module>
    OG = sorted_OGs[job]
OG = sorted_OGs[job]
IndexError: dexErrorlist index out of range
ist index out of range
Traceback (most recent call last):
  File "./raxml.py", line 14, in <module>
    OG = sorted_OGs[job]
Traceback (most recent call last):
:   list index out of range 14, in <module>

ist index out of range
    OG = sorted_OGs[job]
Traceback (most recent call last):
  File "./raxml.py", line 14, in <module>
IndexError: list index out of range
G = sorted_OGs[job]
IndexError: list index out of range
Traceback (most recent call last):
  File "./raxml.py", line 14, in <module>
    OG = sorted_OGs[job]
IndexError: list index out of range
Traceback (most recent call last):
  File "./raxml.py", line 14, in <module>
    OG = sorted_OGs[job]
IndexError: list index out of range
Traceback (most recent call last):
  File "./raxml.py", line 14, in <module>
    OG = sorted_OGs[job]
IndexError: list index out of range
Traceback (most recent call last):
  File "./raxml.py", line 14, in <module>
  File "./raxml.py", line 14, in <module>
    OG = sorted_OGs[job]
IndexError: list index out of range
Traceback (most recent call last):
  File "./raxml.py", line 14, in <module>
    OG = sorted_OGs[job]
IndexError: list index out of range
Traceback (most recent call last):
  File "./raxml.py", line 14, in <module>
    OG = sorted_OGs[job]
IndexError: list index out of range
Traceback (most recent call last):
  File "./raxml.py", line 14, in <module>
    OG = sorted_OGs[job]
IndexError: list index out of range
Traceback (most recent call last):
  File "./raxml.py", line 14, in <module>
    OG = sorted_OGs[job]
IndexError: list index out of range
Traceback (most recent call last):
  File "./raxml.py", line 14, in <module>
  File "./raxml.py", line 14, in <module>
    OG = sorted_OGs[job]
IndexError: : list index out of rangelist index out of range

Traceback (most recent call last):
  File "./raxml.py", line 14, in <module>
    OG = sorted_OGs[job]
IndexError: list index out of range
Traceback (most recent call last):
  File "./raxml.py", line 14, in <module>
    OG = sorted_OGs[job]
IndexError: list index out of range
Traceback (most recent call last):
  File "./raxml.py", line 14, in <module>
    eback (most recent call last):
OG = sorted_OGs[job]
line 14, in <module>
IndexErrorTrac: ack (most recent call last):
  File "./raxml.py", list index out of rangeIndexError:   list index out of rangeIndexError: list index out of range
Traceback (most recent call last):
  File "./raxml.py", line 14, in <module>
Traceback (most recent call last):
  File "./raxml.py", line 14, in <module>
    OG = sorted_OGs[job]
    IndexErrord_OGs[job]
IndexErrorlist index out of range: 
list index out of range
Traceback (most recent call last):
  File "./raxml.py", line 14, in <module>
    OG = sorted_OGs[job]
IndexError: list index out of range
Traceback (most recent call last):
  File "./raxml.py", line 14, in <module>
  File "./raxml.py", line 14, in <module>
    OG = sorted_OGs[job]
OG = sorted_OGs[job]
IndexError: dexErrorTraceback (most recent call last):
  File "./raxml.py", line 14, in <module>

ist index out of range
    OG = sorted_OGs[job]
IndexError: list index out of range
Traceback (most recent call last):
  File "./raxml.py", line 14, in <module>
    OG = sorted_OGs[job]
IndexError: list index out of range
Traceback (most recent call last):
  File "./raxml.py", line 14, in <module>
    OG = sorted_OGs[job]
IndexError: list index out of range
Traceback (most recent call last):
Traceback (most recent call last):
odule>
  File "./raxml.py", line 14, in <module>
         sorted_OGs[job]
OG = sorted_OGs[job]
IndexError: dexErrorlist index out of range
ist index out of range
Traceback (most recent call last):
  File "./raxml.py", line 14, in <module>
    OG = sorted_OGs[job]
IndexError: list index out of range
Traceback (most recent call last):
  File "./raxml.py", line 14, in <module>
    OG = sorted_OGs[job]
IndexError: list index out of rangecall last):

 File "./raxml.py", line 14, in <module>
    Traceback (most recent call last):
  File "./raxml.py", line 14, in <module>
IndexError:      index out of rangeOG = sorted_OGs[job]
IndexError: list index out of range
Traceback (most recent call last):
  File "./raxml.py", line 14, in <module>
Traceback (most recent call last):
Traceback (most recent call last):
odule>
  File "./raxml.py", line 14, in <module>
Traceback (most recent call last):
  Fi    ./raxml.py", line 14, in <module>
OG = sorted_OGs[job]
gene 14, in <module>
 IndexErrorOG = sorte: OGs[job]
OGlist index out of rlist index out of range: dexError
: list index out of range
ist index out of range
Traceback (most recent call last):
  File "./raxml.py", line 14, in <module>
    OG = sorted_OGs[job]
IndexError: list index out of range
Traceback (most recent call last):
  File "./raxml.py", line 14, in <module>
Traceback (most recent call last):
  File "./raxml.py", line 14, in <module>
IndexError:   list index out of range
ndexError: list index out of range
Traceback (most recent call last):
  File "./raxml.py", line 14, in <module>
  File "./raxml.py", line 14, in <module>
    OG = sorted_OGs[job]
IndexError: list index out of rangelist index out of range

Traceback (most recent call last):
  File "./raxml.py", line 14, in <module>
  File "./raxml.py", line 14, in <module>
        OG = sorted_OGs[job]
t call last):
  File "./raxml.py", line 14, in <module>
IndexError: dexErrorlist index out of rangeOG = sorted_OGs[job]
ge
IndexError: list index out of range
Traceback (most recent call last):
  File "./raxml.py", line 14, in <module>
Traceback (most recent call last):
  File "./raxml.py", line 14, in <module>
    OG = sorted_OGs[job]
    OG = sorted_OGs[job]
t call last):
  File "./raxml.py", : ne 14, in <module>
list indexIndexErrornge    OG = sorted_OGs[job]
ge
ist index out of rangeIndexError: list index out of range
Traceback (most recent call last):
  File "./raxml.py", line 14, in <module>
    OG = sorted_OGs[job]
IndexError: Traceback (most recent call last):

  File "./raxml.py", line 14, in <module>
    OG = sorted_OGs[job]
IndexError: list index out of range
Traceback (most recent call last):
  File "./raxml.py", line 14, in <module>
    OG = sorted_OGs[job]
IndexError: list index out of range
Traceback (most recent call last):
  File "./raxml.py", line 14, in <module>
    OG = sorted_OGs[job]
IndexError: list index out of range
Traceback (most recent call last):
  File "./raxml.py", line 14, in <m  File "./raxml.py", line 14, in <module>
  File "./raxml.py", line 14, in <module>
    OG = sorted_OGs[job]
OG = sorted_OGs[job]
IndexError: dexErrorlist index out of rangelist index out of range
Traceback (most recent call last):
Traceback (most recent call last):
odule>
  File "./raxml.py", line 14, in <module>
         sorted_OGs[job]
OG = sorted_OGs[job]
IndexErrorIndexError: st index out of rangelist index out of range
Traceback (most recent call last):
  File "./raxml.py", line 14, in <module>
    OG = sorted_OGs[job]
IndexError: list index out of range
Traceback (most recent call last):
  File "./raxml.py", line 14, in <module>
    OG = sorted_OGs[job]
Traceback (most recent call last):
IndexErrorraxml.py", line 14, in <module>
  File "./raxml.py", line 14, in <module>
    OG = sorted_OGs[job]
OG = sorted_OGs[job]
: dexErrorIndexError: st index out of rangelist index out of range

Traceback (most recent call last):
  File "./raxml.py", line 14, in <module>
    OG = sorted_OGs[job]
IndexError: list index out of range
Traceback (most recent call last):
  File "./raxml.py", line 14, in <module>
    OG = sorted_OGs[job]
IndexError: list index out of range
Traceback (most recent call last):
  File "./raxml.py", line 14, in <module>
    OG = sorted_OGs[job]
IndexError: list index out of range
Traceback (most recent call last):
  File "./raxml.py", line 14, in <module>
    OG = sorted_OGs[job]
IndexError: list index out of range
Traceback (most recent call last):
  File "./raxml.py", line 14, in <module>
    OG = sorted_OGs[job]
IndexError: list index out of range
Traceback (most recent call last):
  File "./raxml.py", line 14, in <module>
    OG = sorted_OGs[job]
IndexError: list index out of range
Traceback (most recent call last):
  File "./raxml.py", line 14, in <module>
    OG = sorted_OGs[job]
IndexError: list index out of range
Traceback (most recent call last):
  File "./raxml.py", line 14, in <module>
  File "./raxml.py", line 14, in <module>
Traceback (most recent call last):
      File "./raxml.py", line 14, in <module>
OG = sorted_OGs[job]
IndexErrorIndexErrorlist index out of range
ist index out of rangeIndexError: Traceback (most recent call last):
  File "./raxml.py", line 14, in <module>
    OG = sorted_OGs[job]
IndexError: list index out of range
Traceback (most recent call last):
  File "./raxml.py", line 14, in <module>
    OG = sorted_OGs[job]
IndexError: list index out of range
Traceback (most recent call last):
  File "./raxml.py", line 14, in <module>
    OG = sorted_OGs[job]
IndexError: list index out of range
