996
--
4876
4876
4876
997
--
4876
999
--
4876
4876
4876
4876


1000
--
998
--
4876
4876


4876
4876
4876
4876


4876
4876
4876
4876
4876
4876
4876
4876
4876
4876
4876
4876
4876
4876
4876


4876
4876
4876
4876
4876


4876


4876
4876
4876
4876
4876
4876
4876
4876
4876
4876
4876
4876
4876
4876
4876
4876


4876
4876
4876
4876
4876
4876


4876
4876
4876
4876
4876


4876
4876
4876
4876
4876
4876
4876
4876
4876
4876
4876
4876
4876
4876
4876
4876
4876
4876
4876
4876
4876
4876
4876
4876
4876
4876
4876
4876
4876
4876
4876
4876
4876
4876
4876
4876
4876


4876
4876
4876
4876
4876


4876


4876
4876
4876
4876


4876
4876


4876
4876


4876


4876


4876


4876


4876


4876


4876


4876


4876


4876


4876


4876


4876


4876


4876


4876


4876


4876


4876


4876


4876


4876


4876


4876


4876


4876


4876


4876


4876


4876


4876


